<?xml version="1.0" encoding="UTF-8"?>
<coverage generated="1638424083931" clover="3.2.0">
  <project timestamp="1638424083931" name="All files">
    <metrics statements="65" coveredstatements="58" conditionals="31" coveredconditionals="23" methods="22" coveredmethods="11" elements="118" coveredelements="92" complexity="0" loc="65" ncloc="65" packages="3" files="3" classes="3"/>
    <package name="day1">
      <metrics statements="28" coveredstatements="25" conditionals="4" coveredconditionals="4" methods="9" coveredmethods="4"/>
      <file name="day1.js" path="/Users/johnpersson/isotop/advent-of-code/2021/day1/day1.js">
        <metrics statements="28" coveredstatements="25" conditionals="4" coveredconditionals="4" methods="9" coveredmethods="4"/>
        <line num="2" count="1" type="stmt"/>
        <line num="3" count="1" type="stmt"/>
        <line num="4" count="1" type="stmt"/>
        <line num="5" count="1" type="stmt"/>
        <line num="6" count="2" type="stmt"/>
        <line num="7" count="2" type="stmt"/>
        <line num="8" count="18" type="cond" truecount="2" falsecount="0"/>
        <line num="9" count="12" type="stmt"/>
        <line num="10" count="18" type="stmt"/>
        <line num="12" count="2" type="stmt"/>
        <line num="14" count="1" type="stmt"/>
        <line num="15" count="1" type="stmt"/>
        <line num="16" count="1" type="stmt"/>
        <line num="17" count="9" type="cond" truecount="2" falsecount="0"/>
        <line num="18" count="9" type="stmt"/>
        <line num="19" count="9" type="stmt"/>
        <line num="21" count="1" type="stmt"/>
        <line num="23" count="1" type="stmt"/>
        <line num="24" count="1" type="stmt"/>
        <line num="26" count="0" type="stmt"/>
        <line num="27" count="1" type="stmt"/>
        <line num="28" count="1" type="stmt"/>
        <line num="29" count="1" type="stmt"/>
        <line num="30" count="1" type="stmt"/>
        <line num="31" count="1" type="stmt"/>
        <line num="32" count="0" type="stmt"/>
        <line num="33" count="0" type="stmt"/>
        <line num="35" count="1" type="stmt"/>
      </file>
    </package>
    <package name="day2">
      <metrics statements="15" coveredstatements="14" conditionals="0" coveredconditionals="0" methods="5" coveredmethods="2"/>
      <file name="day2.js" path="/Users/johnpersson/isotop/advent-of-code/2021/day2/day2.js">
        <metrics statements="15" coveredstatements="14" conditionals="0" coveredconditionals="0" methods="5" coveredmethods="2"/>
        <line num="2" count="1" type="stmt"/>
        <line num="3" count="1" type="stmt"/>
        <line num="4" count="1" type="stmt"/>
        <line num="5" count="1" type="stmt"/>
        <line num="6" count="1" type="stmt"/>
        <line num="8" count="1" type="stmt"/>
        <line num="9" count="1" type="stmt"/>
        <line num="10" count="1" type="stmt"/>
        <line num="12" count="1" type="stmt"/>
        <line num="13" count="1" type="stmt"/>
        <line num="14" count="1" type="stmt"/>
        <line num="15" count="1" type="stmt"/>
        <line num="17" count="1" type="stmt"/>
        <line num="18" count="0" type="stmt"/>
        <line num="21" count="1" type="stmt"/>
      </file>
    </package>
    <package name="util">
      <metrics statements="22" coveredstatements="19" conditionals="27" coveredconditionals="19" methods="8" coveredmethods="5"/>
      <file name="getInput.js" path="/Users/johnpersson/isotop/advent-of-code/2021/util/getInput.js">
        <metrics statements="22" coveredstatements="19" conditionals="27" coveredconditionals="19" methods="8" coveredmethods="5"/>
        <line num="2" count="2" type="cond" truecount="4" falsecount="1"/>
        <line num="3" count="230" type="cond" truecount="1" falsecount="1"/>
        <line num="4" count="230" type="stmt"/>
        <line num="6" count="0" type="cond" truecount="0" falsecount="2"/>
        <line num="7" count="0" type="stmt"/>
        <line num="9" count="2" type="cond" truecount="4" falsecount="1"/>
        <line num="10" count="4" type="stmt"/>
        <line num="12" count="0" type="stmt"/>
        <line num="14" count="2" type="cond" truecount="3" falsecount="0"/>
        <line num="15" count="4" type="cond" truecount="3" falsecount="1"/>
        <line num="16" count="4" type="stmt"/>
        <line num="17" count="230" type="cond" truecount="4" falsecount="2"/>
        <line num="18" count="4" type="stmt"/>
        <line num="19" count="4" type="stmt"/>
        <line num="21" count="2" type="stmt"/>
        <line num="22" count="2" type="stmt"/>
        <line num="23" count="2" type="stmt"/>
        <line num="24" count="2" type="stmt"/>
        <line num="25" count="2" type="stmt"/>
        <line num="26" count="2" type="stmt"/>
        <line num="27" count="2" type="stmt"/>
        <line num="28" count="2" type="stmt"/>
      </file>
    </package>
  </project>
</coverage>
