TN:
SF:day1/day1.js
FN:5,(anonymous_0)
FN:7,(anonymous_1)
FN:15,(anonymous_2)
FN:16,(anonymous_3)
FN:24,(anonymous_4)
FN:26,(anonymous_5)
FN:27,(anonymous_6)
FN:29,(anonymous_7)
FN:31,(anonymous_8)
FNF:9
FNH:4
FNDA:2,(anonymous_0)
FNDA:18,(anonymous_1)
FNDA:1,(anonymous_2)
FNDA:9,(anonymous_3)
FNDA:0,(anonymous_4)
FNDA:0,(anonymous_5)
FNDA:0,(anonymous_6)
FNDA:0,(anonymous_7)
FNDA:0,(anonymous_8)
DA:2,1
DA:3,1
DA:4,1
DA:5,1
DA:6,2
DA:7,2
DA:8,18
DA:9,12
DA:10,18
DA:12,2
DA:14,1
DA:15,1
DA:16,1
DA:17,9
DA:18,9
DA:19,9
DA:21,1
DA:23,1
DA:24,1
DA:26,0
DA:27,1
DA:28,1
DA:29,1
DA:30,1
DA:31,1
DA:32,0
DA:33,0
DA:35,1
LF:28
LH:25
BRDA:8,0,0,12
BRDA:8,0,1,6
BRDA:17,1,0,8
BRDA:17,1,1,1
BRF:4
BRH:4
end_of_record
TN:
SF:day2/day2.js
FN:5,(anonymous_0)
FN:9,(anonymous_1)
FN:13,(anonymous_2)
FN:14,(anonymous_3)
FN:17,(anonymous_4)
FNF:5
FNH:2
FNDA:1,(anonymous_0)
FNDA:1,(anonymous_1)
FNDA:0,(anonymous_2)
FNDA:0,(anonymous_3)
FNDA:0,(anonymous_4)
DA:2,1
DA:3,1
DA:4,1
DA:5,1
DA:6,1
DA:8,1
DA:9,1
DA:10,1
DA:12,1
DA:13,1
DA:14,1
DA:15,1
DA:17,1
DA:18,0
DA:21,1
LF:15
LH:14
BRF:0
BRH:0
end_of_record
TN:
SF:util/getInput.js
FN:2,(anonymous_0)
FN:4,(anonymous_1)
FN:5,(anonymous_2)
FN:9,(anonymous_3)
FN:11,(anonymous_4)
FN:14,(anonymous_5)
FN:25,(anonymous_6)
FN:27,(anonymous_7)
FNF:8
FNH:5
FNDA:230,(anonymous_0)
FNDA:4,(anonymous_1)
FNDA:0,(anonymous_2)
FNDA:4,(anonymous_3)
FNDA:0,(anonymous_4)
FNDA:4,(anonymous_5)
FNDA:0,(anonymous_6)
FNDA:2,(anonymous_7)
DA:2,2
DA:3,230
DA:4,230
DA:6,0
DA:7,0
DA:9,2
DA:10,4
DA:12,0
DA:14,2
DA:15,4
DA:16,4
DA:17,230
DA:18,4
DA:19,4
DA:21,2
DA:22,2
DA:23,2
DA:24,2
DA:25,2
DA:26,2
DA:27,2
DA:28,2
LF:22
LH:19
BRDA:2,0,0,2
BRDA:2,0,1,2
BRDA:2,0,2,2
BRDA:2,1,0,2
BRDA:2,1,1,0
BRDA:3,2,0,230
BRDA:3,2,1,0
BRDA:6,3,0,0
BRDA:6,3,1,0
BRDA:9,4,0,2
BRDA:9,4,1,2
BRDA:9,4,2,2
BRDA:9,5,0,2
BRDA:9,5,1,0
BRDA:14,6,0,2
BRDA:14,6,1,2
BRDA:14,6,2,2
BRDA:15,7,0,0
BRDA:15,7,1,4
BRDA:15,8,0,4
BRDA:15,8,1,4
BRDA:17,9,0,4
BRDA:17,9,1,0
BRDA:17,10,0,230
BRDA:17,10,1,0
BRDA:17,11,0,230
BRDA:17,11,1,230
BRF:27
BRH:19
end_of_record
